#
# There is insufficient memory for the Java Runtime Environment to continue.
# Native memory allocation (malloc) failed to allocate 88816 bytes for Chunk::new
# Possible reasons:
#   The system is out of physical RAM or swap space
#   In 32 bit mode, the process size limit was hit
# Possible solutions:
#   Reduce memory load on the system
#   Increase physical memory or swap space
#   Check if swap backing store is full
#   Use 64 bit Java on a 64 bit OS
#   Decrease Java heap size (-Xmx/-Xms)
#   Decrease number of Java threads
#   Decrease Java thread stack sizes (-Xss)
#   Set larger code cache with -XX:ReservedCodeCacheSize=
# This output file may be truncated or incomplete.
#
#  Out of Memory Error (allocation.cpp:390), pid=9040, tid=7180
#
# JRE version: Java(TM) SE Runtime Environment (8.0_60-b27) (build 1.8.0_60-b27)
# Java VM: Java HotSpot(TM) 64-Bit Server VM (25.60-b23 mixed mode windows-amd64 compressed oops)
# Failed to write core dump. Minidumps are not enabled by default on client versions of Windows
#

---------------  T H R E A D  ---------------

Current thread (0x000000001b953000):  JavaThread "C2 CompilerThread1" daemon [_thread_in_native, id=7180, stack(0x000000001d110000,0x000000001d210000)]

Stack: [0x000000001d110000,0x000000001d210000]
[error occurred during error reporting (printing stack bounds), id 0xc0000005]

Native frames: (J=compiled Java code, j=interpreted, Vv=VM code, C=native code)


Current CompileTask:
C2:    407  295       4       java.lang.String::replace (127 bytes)


---------------  P R O C E S S  ---------------

Java Threads: ( => current thread )
  0x000000001d338800 JavaThread "Service Thread" daemon [_thread_blocked, id=7004, stack(0x000000001d710000,0x000000001d810000)]
  0x000000001b956800 JavaThread "C1 CompilerThread2" daemon [_thread_blocked, id=7312, stack(0x000000001d210000,0x000000001d310000)]
=>0x000000001b953000 JavaThread "C2 CompilerThread1" daemon [_thread_in_native, id=7180, stack(0x000000001d110000,0x000000001d210000)]
  0x000000001b94d000 JavaThread "C2 CompilerThread0" daemon [_thread_blocked, id=11136, stack(0x000000001d010000,0x000000001d110000)]
  0x000000001b94a800 JavaThread "Attach Listener" daemon [_thread_blocked, id=11072, stack(0x000000001cf10000,0x000000001d010000)]
  0x000000001b949000 JavaThread "Signal Dispatcher" daemon [_thread_blocked, id=9972, stack(0x000000001ce10000,0x000000001cf10000)]
  0x0000000002c66000 JavaThread "Finalizer" daemon [_thread_blocked, id=13232, stack(0x000000001cba0000,0x000000001cca0000)]
  0x0000000002c5d000 JavaThread "Reference Handler" daemon [_thread_blocked, id=5084, stack(0x000000001caa0000,0x000000001cba0000)]
  0x0000000002b70800 JavaThread "main" [_thread_in_vm, id=11008, stack(0x0000000002a40000,0x0000000002b40000)]

Other Threads:
  0x000000001b917800 VMThread [stack: 0x000000001c9a0000,0x000000001caa0000] [id=12960]
  0x000000001d354800 WatcherThread [stack: 0x000000001d810000,0x000000001d910000] [id=7128]

VM state:not at safepoint (normal execution)

VM Mutex/Monitor currently owned by a thread: None

Heap:
 PSYoungGen      total 71680K, used 6160K [0x0000000770580000, 0x0000000775580000, 0x00000007c0000000)
  eden space 61440K, 10% used [0x0000000770580000,0x0000000770b84058,0x0000000774180000)
  from space 10240K, 0% used [0x0000000774b80000,0x0000000774b80000,0x0000000775580000)
  to   space 10240K, 0% used [0x0000000774180000,0x0000000774180000,0x0000000774b80000)
 ParOldGen       total 163840K, used 0K [0x00000006d1000000, 0x00000006db000000, 0x0000000770580000)
  object space 163840K, 0% used [0x00000006d1000000,0x00000006d1000000,0x00000006db000000)
 Metaspace       used 4503K, capacity 5390K, committed 5504K, reserved 1056768K
  class space    used 526K, capacity 596K, committed 640K, reserved 1048576K

Card table byte_map: [0x0000000012030000,0x00000000127b0000] byte_map_base: 0x000000000e9a8000

Marking Bits: (ParMarkBitMap*) 0x0000000070e2a5b0
 Begin Bits: [0x00000000130b0000, 0x0000000016c70000)
 End Bits:   [0x0000000016c70000, 0x000000001a830000)

Polling page: 0x00000000010e0000

CodeCache: size=245760Kb used=1660Kb max_used=1660Kb free=244099Kb
 bounds [0x0000000002c70000, 0x0000000002ee0000, 0x0000000011c70000]
 total_blobs=594 nmethods=296 adapters=212
 compilation: enabled

Compilation events (10 events):
Event: 0.399 Thread 0x000000001b956800 nmethod 291 0x0000000002e0c190 code [0x0000000002e0c300, 0x0000000002e0c570]
Event: 0.399 Thread 0x000000001b956800  292       3       java.lang.ref.SoftReference::get (29 bytes)
Event: 0.399 Thread 0x000000001b956800 nmethod 292 0x0000000002e0c690 code [0x0000000002e0c7e0, 0x0000000002e0c9d0]
Event: 0.400 Thread 0x000000001b956800  293       3       java.util.jar.Attributes$Name::hashCode (24 bytes)
Event: 0.401 Thread 0x000000001b956800 nmethod 293 0x0000000002e0ce50 code [0x0000000002e0cfc0, 0x0000000002e0d1a8]
Event: 0.401 Thread 0x000000001b956800  294       3       java.util.jar.Attributes::getValue (9 bytes)
Event: 0.401 Thread 0x000000001b956800 nmethod 294 0x0000000002e0d250 code [0x0000000002e0d3c0, 0x0000000002e0d728]
Event: 0.402 Thread 0x000000001b953000  295       4       java.lang.String::replace (127 bytes)
Event: 0.403 Thread 0x000000001b956800  296  s    3       java.lang.StringBuffer::append (13 bytes)
Event: 0.403 Thread 0x000000001b956800 nmethod 296 0x0000000002e0e890 code [0x0000000002e0ea00, 0x0000000002e0ed28]

GC Heap History (0 events):
No events

Deoptimization events (0 events):
No events

Internal exceptions (9 events):
Event: 0.196 Thread 0x0000000002b70800 Exception <a 'java/lang/NoSuchMethodError': Method sun.misc.Unsafe.defineClass(Ljava/lang/String;[BII)Ljava/lang/Class; name or signature does not match> (0x000000077058d8c0) thrown at [C:\re\workspace\8-2-build-windows-amd64-cygwin\jdk8u60\4407\hotspot\sr0¤ñŸ'É?
Event: 0.197 Thread 0x0000000002b70800 Exception <a 'java/lang/NoSuchMethodError': Method sun.misc.Unsafe.prefetchRead(Ljava/lang/Object;J)V name or signature does not match> (0x000000077058dba8) thrown at [C:\re\workspace\8-2-build-windows-amd64-cygwin\jdk8u60\4407\hotspot\src\share\vm\prims\j|”þÀŽÔ?
Event: 0.321 Thread 0x0000000002b70800 Exception <a 'java/lang/NoSuchFieldError': method resolution failed> (0x0000000770959f38) thrown at [C:\re\workspace\8-2-build-windows-amd64-cygwin\jdk8u60\4407\hotspot\src\share\vm\prims\methodHandles.cpp, line 1146]
Event: 0.323 Thread 0x0000000002b70800 Exception <a 'java/lang/NoSuchFieldError': method resolution failed> (0x00000007709672b8) thrown at [C:\re\workspace\8-2-build-windows-amd64-cygwin\jdk8u60\4407\hotspot\src\share\vm\prims\methodHandles.cpp, line 1146]
Event: 0.349 Thread 0x0000000002b70800 Exception <a 'java/security/PrivilegedActionException'> (0x00000007709f1998) thrown at [C:\re\workspace\8-2-build-windows-amd64-cygwin\jdk8u60\4407\hotspot\src\share\vm\prims\jvm.cpp, line 1386]
Event: 0.349 Thread 0x0000000002b70800 Exception <a 'java/security/PrivilegedActionException'> (0x00000007709f1ba8) thrown at [C:\re\workspace\8-2-build-windows-amd64-cygwin\jdk8u60\4407\hotspot\src\share\vm\prims\jvm.cpp, line 1386]
Event: 0.350 Thread 0x0000000002b70800 Exception <a 'java/security/PrivilegedActionException'> (0x00000007709f5750) thrown at [C:\re\workspace\8-2-build-windows-amd64-cygwin\jdk8u60\4407\hotspot\src\share\vm\prims\jvm.cpp, line 1386]
Event: 0.350 Thread 0x0000000002b70800 Exception <a 'java/security/PrivilegedActionException'> (0x00000007709f5960) thrown at [C:\re\workspace\8-2-build-windows-amd64-cygwin\jdk8u60\4407\hotspot\src\share\vm\prims\jvm.cpp, line 1386]
Event: 0.350 Thread 0x0000000002b70800 Exception <a 'java/lang/NullPointerException'> (0x00000007709f5f38) thrown at [C:\re\workspace\8-2-build-windows-amd64-cygwin\jdk8u60\4407\hotspot\src\share\vm\interpreter\linkResolver.cpp, line 1178]

Events (10 events):
Event: 0.404 loading class javafx/beans/Observable
Event: 0.404 loading class javafx/beans/Observable done
Event: 0.404 loading class javafx/beans/Observable
Event: 0.404 loading class javafx/beans/Observable done
Event: 0.405 loading class java/lang/invoke/DirectMethodHandle$Special
Event: 0.405 loading class java/lang/invoke/DirectMethodHandle$Special done
Event: 0.405 loading class com/sun/javafx/tk/quantum/GlassSystemMenu
Event: 0.405 loading class com/sun/javafx/tk/quantum/GlassSystemMenu done
Event: 0.405 loading class com/sun/javafx/tk/quantum/QuantumRenderer
Event: 0.405 loading class com/sun/javafx/tk/quantum/QuantumRenderer done


Dynamic libraries:
0x00007ff6b2e90000 - 0x00007ff6b2ec7000 	C:\Program Files\Java\jre1.8.0_60\bin\javaw.exe
0x00007ffa16f70000 - 0x00007ffa1711a000 	C:\Windows\SYSTEM32\ntdll.dll
0x00007ffa14990000 - 0x00007ffa14aca000 	C:\Windows\system32\KERNEL32.DLL
0x00007ffa143b0000 - 0x00007ffa144c0000 	C:\Windows\system32\KERNELBASE.dll
0x00007ffa12ef0000 - 0x00007ffa12f78000 	C:\Windows\system32\apphelp.dll
0x00007ffa0e050000 - 0x00007ffa0e09f000 	C:\Windows\AppPatch\AppPatch64\AcGenral.DLL
0x00007ffa16af0000 - 0x00007ffa16b97000 	C:\Windows\system32\msvcrt.dll
0x00007ffa14120000 - 0x00007ffa1414b000 	C:\Windows\SYSTEM32\SspiCli.dll
0x00007ffa16670000 - 0x00007ffa166c1000 	C:\Windows\system32\SHLWAPI.dll
0x00007ffa14c10000 - 0x00007ffa14d81000 	C:\Windows\system32\USER32.dll
0x00007ffa166d0000 - 0x00007ffa16848000 	C:\Windows\system32\ole32.dll
0x00007ffa15250000 - 0x00007ffa16667000 	C:\Windows\system32\SHELL32.dll
0x00007ffa138f0000 - 0x00007ffa1390f000 	C:\Windows\SYSTEM32\USERENV.dll
0x00007ffa148d0000 - 0x00007ffa14975000 	C:\Windows\system32\ADVAPI32.dll
0x00007ffa03a70000 - 0x00007ffa03a8b000 	C:\Windows\SYSTEM32\MPR.dll
0x00007ffa16e30000 - 0x00007ffa16f66000 	C:\Windows\system32\RPCRT4.dll
0x00007ffa14870000 - 0x00007ffa148c7000 	C:\Windows\SYSTEM32\sechost.dll
0x00007ffa15070000 - 0x00007ffa15246000 	C:\Windows\SYSTEM32\combase.dll
0x00007ffa14f10000 - 0x00007ffa15055000 	C:\Windows\system32\GDI32.dll
0x00007ffa142e0000 - 0x00007ffa142f4000 	C:\Windows\SYSTEM32\profapi.dll
0x00007ffa12750000 - 0x00007ffa127ef000 	C:\Windows\SYSTEM32\SHCORE.dll
0x00007ffa16ba0000 - 0x00007ffa16bd4000 	C:\Windows\system32\IMM32.DLL
0x00007ffa14ad0000 - 0x00007ffa14c09000 	C:\Windows\system32\MSCTF.dll
0x00007ffa11ea0000 - 0x00007ffa120fa000 	C:\Windows\WinSxS\amd64_microsoft.windows.common-controls_6595b64144ccf1df_6.0.9600.17031_none_6242a4b3ecbb55a1\COMCTL32.dll
0x0000000070470000 - 0x0000000070542000 	C:\Program Files\Java\jre1.8.0_60\bin\msvcr100.dll
0x0000000070620000 - 0x0000000070ea9000 	C:\Program Files\Java\jre1.8.0_60\bin\server\jvm.dll
0x00007ffa0ce80000 - 0x00007ffa0ce89000 	C:\Windows\SYSTEM32\WSOCK32.dll
0x00007ffa12160000 - 0x00007ffa1217f000 	C:\Windows\SYSTEM32\WINMM.dll
0x00007ffa12180000 - 0x00007ffa1218a000 	C:\Windows\SYSTEM32\VERSION.dll
0x00007ffa14980000 - 0x00007ffa14987000 	C:\Windows\system32\PSAPI.DLL
0x00007ffa14eb0000 - 0x00007ffa14f08000 	C:\Windows\system32\WS2_32.dll
0x00007ffa12130000 - 0x00007ffa1215a000 	C:\Windows\SYSTEM32\WINMMBASE.dll
0x00007ffa15060000 - 0x00007ffa15069000 	C:\Windows\system32\NSI.dll
0x00007ffa144c0000 - 0x00007ffa1450a000 	C:\Windows\SYSTEM32\cfgmgr32.dll
0x00007ffa13170000 - 0x00007ffa13196000 	C:\Windows\SYSTEM32\DEVOBJ.dll
0x0000000070610000 - 0x000000007061f000 	C:\Program Files\Java\jre1.8.0_60\bin\verify.dll
0x00000000705e0000 - 0x0000000070609000 	C:\Program Files\Java\jre1.8.0_60\bin\java.dll
0x00000000705c0000 - 0x00000000705d6000 	C:\Program Files\Java\jre1.8.0_60\bin\zip.dll
0x00007ffa0cc10000 - 0x00007ffa0ccff000 	C:\Program Files\Java\jre1.8.0_60\bin\msvcr120.dll
0x00007ffa0cb60000 - 0x00007ffa0cc06000 	C:\Program Files\Java\jre1.8.0_60\bin\msvcp120.dll

VM Arguments:
jvm_args: -Dfile.encoding=Cp1252 
java_command: mum.mpp.Main
java_class_path (initial): D:\Developer\WorkSpaces\Github\LibrarySystem\bin;D:\Developer\IDE\eclipse\plugins\org.eclipse.fx.ide.css.jfx8_2.1.0.201508240705.jar;D:\Developer\WorkSpaces\Github\LibrarySystem\lib\eclipselink.jar;D:\Developer\WorkSpaces\Github\LibrarySystem\lib\hibernate-jpa-2.1-api-1.0.0.Final.jar;D:\Developer\WorkSpaces\Github\LibrarySystem\lib\javax.persistence_2.1.0.v201304241213.jar;D:\Developer\WorkSpaces\Github\LibrarySystem\lib\javax.persistence-2.1.0-doc.zip;D:\Developer\WorkSpaces\Github\LibrarySystem\lib\mysql-connector-java-5.1.23-bin.jar;D:\Developer\WorkSpaces\Github\LibrarySystem\lib\org.eclipse.persistence.jpa.jpql_2.5.2.v20140319-9ad6abd.jar;D:\Developer\WorkSpaces\Github\LibrarySystem\lib\org.eclipse.persistence.jpa.modelgen_2.5.2.v20140319-9ad6abd.jar
Launcher Type: SUN_STANDARD

Environment Variables:
PATH=C:/Program Files/Java/jre1.8.0_60/bin/server;C:/Program Files/Java/jre1.8.0_60/bin;C:/Program Files/Java/jre1.8.0_60/lib/amd64;C:\ProgramData\Oracle\Java\javapath;C:\Windows\system32;C:\Windows;C:\Windows\System32\Wbem;C:\Windows\System32\WindowsPowerShell\v1.0\;C:\Program Files (x86)\ATI Technologies\ATI.ACE\Core-Static;C:\Program Files\Intel\WiFi\bin\;C:\Program Files\Common Files\Intel\WirelessCommon\;C:\Program Files (x86)\AMD\ATI.ACE\Core-Static;C:\Program Files (x86)\Skype\Phone\;D:\Program Files\TortoiseSVN\bin;;D:\Developer\IDE\eclipse;
USERNAME=asus
OS=Windows_NT
PROCESSOR_IDENTIFIER=AMD64 Family 21 Model 48 Stepping 1, AuthenticAMD



---------------  S Y S T E M  ---------------

OS: Windows 8.1 , 64 bit Build 9600 (6.3.9600.17031)

CPU:total 4 (4 cores per cpu, 1 threads per core) family 21 model 48 stepping 1, cmov, cx8, fxsr, mmx, sse, sse2, sse3, ssse3, sse4.1, sse4.2, popcnt, avx, aes, clmul, mmxext, 3dnowpref, lzcnt, sse4a, tsc, tscinvbit, tscinv, bmi1

Memory: 4k page, physical 15662340k(3507616k free), swap 20782340k(5104k free)

vm_info: Java HotSpot(TM) 64-Bit Server VM (25.60-b23) for windows-amd64 JRE (1.8.0_60-b27), built on Aug  4 2015 11:06:27 by "java_re" with MS VC++ 10.0 (VS2010)

time: Thu Dec 03 16:49:02 2015
elapsed time: 0 seconds (0d 0h 0m 0s)

